  PixEditor.cpp
C:\Users\LCV2132501\Documents\GitHub\PIX\VGP 240-PiX\Pix\PixEditor.cpp(298,4): warning C4477: '_snprintf_s' : format string '%s' requires an argument of type 'char *', but variadic argument 1 has type 'const _Elem *'
          with
          [
              _Elem=char8_t
          ]
C:\Users\LCV2132501\Documents\GitHub\PIX\VGP 240-PiX\Pix\PixEditor.cpp(439,2): warning C4477: '_snprintf_s' : format string '%s' requires an argument of type 'char *', but variadic argument 1 has type 'const _Elem *'
          with
          [
              _Elem=char8_t
          ]
C:\Users\LCV2132501\Documents\GitHub\PIX\VGP 240-PiX\Pix\PixEditor.cpp(511,2): warning C4477: '_snprintf_s' : format string '%s' requires an argument of type 'char *', but variadic argument 1 has type 'const _Elem *'
          with
          [
              _Elem=char8_t
          ]
C:\Users\LCV2132501\Documents\GitHub\PIX\VGP 240-PiX\Pix\PixEditor.cpp(583,3): warning C4477: '_snprintf_s' : format string '%s' requires an argument of type 'char *', but variadic argument 1 has type 'const _Elem *'
          with
          [
              _Elem=char8_t
          ]
  LINK : C:\Users\LCV2132501\Documents\GitHub\PIX\VGP 240-PiX\x64\Debug\Pix.exe not found or not built by the last incremental link; performing full link
     Creating library C:\Users\LCV2132501\Documents\GitHub\PIX\VGP 240-PiX\x64\Debug\Pix.lib and object C:\Users\LCV2132501\Documents\GitHub\PIX\VGP 240-PiX\x64\Debug\Pix.exp
  Pix.vcxproj -> C:\Users\LCV2132501\Documents\GitHub\PIX\VGP 240-PiX\x64\Debug\Pix.exe
